Removed Pin From Net: NetName=VCC Pin=L2-2
Removed Pin From Net: NetName=VCC Pin=R10-2
Removed Pin From Net: NetName=VCC Pin=R11-1
Removed Pin From Net: NetName=GND Pin=R11-2
Removed Pin From Net: NetName=VIN Pin=U6-1
Removed Pin From Net: NetName=GND Pin=U6-3
Removed Pin From Net: NetName=GND Pin=U6-5
Change Component DesignItemId : Designator=C7 Old DesignItemId=Cap Pol1 New DesignItemId=Cap
Change Component DesignItemId : Designator=D4 Old DesignItemId=D Schottky New DesignItemId=Diode 1N4001
Change Component Footprint: Designator=C7 Old Footprint=0805-POL New Footprint=0603
Change Component Footprint: Designator=C10 Old Footprint=0805-POL New Footprint=Cap-Radial
Change Component Footprint: Designator=D4 Old Footprint=DO-214AA - Power Diode New Footprint=DO-41
Change Component Comment : Designator=C11 Old Comment=Cap New Comment=
Change Component Comment : Designator=C7 Old Comment=Cap Pol1 New Comment=Cap
Change Component Comment : Designator=D4 Old Comment=DO214AA New Comment=1N4001 1V@1A
Added Component: Designator=C9(Cap-Radial)
Added Component: Designator=C12(0603)
Added Component: Designator=C13(0603)
Added Component: Designator=C14(2917-pol)
Added Component: Designator=D5(DO-41)
Added Component: Designator=D6(SOD123-POL)
Added Pin To Net: NetName=GND Pin=C7-1
Added Pin To Net: NetName=VIN Pin=C7-2
Added Pin To Net: NetName=VBUS Pin=C7-1
Added Pin To Net: NetName=GND Pin=C7-2
Added Pin To Net: NetName=GND Pin=C11-1
Added Pin To Net: NetName=GND Pin=C12-1
Added Pin To Net: NetName=VCC Pin=C12-2
Added Pin To Net: NetName=GND Pin=C13-1
Added Pin To Net: NetName=VCC Pin=C13-2
Added Pin To Net: NetName=VBUS Pin=D4-1
Added Pin To Net: NetName=VCC Pin=D4-2
Added Pin To Net: NetName=VBUS Pin=D5-1
Added Pin To Net: NetName=VCC Pin=D5-2
