Added Component: Designator=ANT1(GSM-ANTENNA)
Added Component: Designator=C1(1206L-POL)
Added Component: Designator=C2(0603)
Added Component: Designator=C3(0603)
Added Component: Designator=C4(0603)
Added Component: Designator=C5(0603)
Added Component: Designator=C6(0603)
Added Component: Designator=C7(0603)
Added Component: Designator=C8(1206L-POL)
Added Component: Designator=C9(1206L-POL)
Added Component: Designator=C10(0603)
Added Component: Designator=C11(0603)
Added Component: Designator=D1(LED-SMD-RightAngle)
Added Component: Designator=D2(LED-SMD-RightAngle)
Added Component: Designator=D3(1N4148)
Added Component: Designator=D4(MBRS340-Diode)
Added Component: Designator=D5(MBRS340-Diode)
Added Component: Designator=F1(fuse)
Added Component: Designator=F2(fuse)
Added Component: Designator=J1(micro_usb)
Added Component: Designator=J2(HDR1X2)
Added Component: Designator=J3(micro_sim)
Added Component: Designator=J4(U.FL_SMT_CON)
Added Component: Designator=L1(INDUCTOR)
Added Component: Designator=L2(INDUCTOR)
Added Component: Designator=L3(INDUCTOR)
Added Component: Designator=P1(HDR1X4)
Added Component: Designator=R1(0603)
Added Component: Designator=R2(0603)
Added Component: Designator=R3(0603)
Added Component: Designator=R4(0603)
Added Component: Designator=R5(0603)
Added Component: Designator=R6(0603)
Added Component: Designator=R7(0603)
Added Component: Designator=R8(sot-363)
Added Component: Designator=R9(0603)
Added Component: Designator=R10(0603)
Added Component: Designator=R11(0603)
Added Component: Designator=R12(0603)
Added Component: Designator=S1(SWITCH_smd_smt_2Lead)
Added Component: Designator=U1(SIM800L-FOOTPRINT)
Added Component: Designator=U2(TSSOP14)
Added Component: Designator=U3(TO-263)
Added Component: Designator=U4(TO-263)
Added Pin To Net: NetName=GND Pin=ANT1-1
Added Pin To Net: NetName=GND Pin=C2-2
Added Pin To Net: NetName=GND Pin=C3-1
Added Pin To Net: NetName=GND Pin=C4-1
Added Pin To Net: NetName=GND Pin=C5-1
Added Pin To Net: NetName=GND Pin=C6-1
Added Pin To Net: NetName=GND Pin=C7-1
Added Pin To Net: NetName=GND Pin=C10-1
Added Pin To Net: NetName=GND Pin=C11-1
Added Pin To Net: NetName=GND Pin=J1-5
Added Pin To Net: NetName=GND Pin=J2-2
Added Pin To Net: NetName=GND Pin=J3-2
Added Pin To Net: NetName=GND Pin=J4-2
Added Pin To Net: NetName=GND Pin=J4-3
Added Pin To Net: NetName=GND Pin=P1-4
Added Pin To Net: NetName=GND Pin=R8-2
Added Pin To Net: NetName=GND Pin=R9-2
Added Pin To Net: NetName=GND Pin=R12-1
Added Pin To Net: NetName=GND Pin=S1-1
Added Pin To Net: NetName=GND Pin=U1-2
Added Pin To Net: NetName=GND Pin=U1-6
Added Pin To Net: NetName=GND Pin=U1-8
Added Pin To Net: NetName=GND Pin=U1-35
Added Pin To Net: NetName=GND Pin=U1-37
Added Pin To Net: NetName=GND Pin=U1-38
Added Pin To Net: NetName=GND Pin=U1-39
Added Pin To Net: NetName=GND Pin=U1-41
Added Pin To Net: NetName=GND Pin=U1-43
Added Pin To Net: NetName=GND Pin=U1-44
Added Pin To Net: NetName=GND Pin=U1-45
Added Pin To Net: NetName=GND Pin=U1-58
Added Pin To Net: NetName=GND Pin=U1-67
Added Pin To Net: NetName=GND Pin=U1-71
Added Pin To Net: NetName=GND Pin=U1-72
Added Pin To Net: NetName=GND Pin=U1-73
Added Pin To Net: NetName=GND Pin=U1-76
Added Pin To Net: NetName=GND Pin=U1-77
Added Pin To Net: NetName=GND Pin=U1-78
Added Pin To Net: NetName=GND Pin=U1-79
Added Pin To Net: NetName=GND Pin=U1-80
Added Pin To Net: NetName=GND Pin=U1-81
Added Pin To Net: NetName=GND Pin=U1-82
Added Pin To Net: NetName=GND Pin=U1-83
Added Pin To Net: NetName=GND Pin=U1-84
Added Pin To Net: NetName=GND Pin=U1-85
Added Pin To Net: NetName=GND Pin=U1-86
Added Pin To Net: NetName=GND Pin=U1-87
Added Pin To Net: NetName=GND Pin=U1-88
Added Pin To Net: NetName=GND Pin=U2-1
Added Pin To Net: NetName=GND Pin=U2-4
Added Pin To Net: NetName=GND Pin=U2-7
Added Pin To Net: NetName=GND Pin=U2-10
Added Pin To Net: NetName=GND Pin=U2-13
Added Pin To Net: NetName=GND Pin=U3-3
Added Pin To Net: NetName=GND Pin=U3-5
Added Pin To Net: NetName=GND Pin=U4-3
Added Pin To Net: NetName=GND Pin=U4-5
Added Net: Name=GND
Added Pin To Net: NetName=NetC1_1 Pin=U1-56
Added Net: Name=NetC1_1
Added Pin To Net: NetName=NetC6_2 Pin=C6-2
Added Pin To Net: NetName=NetC6_2 Pin=F1-2
Added Pin To Net: NetName=NetC6_2 Pin=U3-1
Added Net: Name=NetC6_2
Added Pin To Net: NetName=NetC8_1 Pin=C10-2
Added Pin To Net: NetName=NetC8_1 Pin=F2-2
Added Pin To Net: NetName=NetC8_1 Pin=U4-1
Added Net: Name=NetC8_1
Added Pin To Net: NetName=NetC9_1 Pin=C11-2
Added Pin To Net: NetName=NetC9_1 Pin=L2-2
Added Pin To Net: NetName=NetC9_1 Pin=L3-1
Added Pin To Net: NetName=NetC9_1 Pin=R11-2
Added Net: Name=NetC9_1
Added Pin To Net: NetName=NetD1_1 Pin=R3-1
Added Net: Name=NetD1_1
Added Pin To Net: NetName=NetD2_1 Pin=R4-1
Added Net: Name=NetD2_1
Added Pin To Net: NetName=NetD4_2 Pin=L1-1
Added Pin To Net: NetName=NetD4_2 Pin=U3-2
Added Net: Name=NetD4_2
Added Pin To Net: NetName=NetD5_2 Pin=L2-1
Added Pin To Net: NetName=NetD5_2 Pin=U4-2
Added Net: Name=NetD5_2
Added Pin To Net: NetName=NetJ1_2 Pin=J1-2
Added Pin To Net: NetName=NetJ1_2 Pin=R1-1
Added Net: Name=NetJ1_2
Added Pin To Net: NetName=NetJ1_3 Pin=J1-3
Added Pin To Net: NetName=NetJ1_3 Pin=R2-1
Added Net: Name=NetJ1_3
Added Pin To Net: NetName=NetJ3_3 Pin=J3-3
Added Pin To Net: NetName=NetJ3_3 Pin=R5-2
Added Pin To Net: NetName=NetJ3_3 Pin=R8-4
Added Net: Name=NetJ3_3
Added Pin To Net: NetName=NetJ3_5 Pin=J3-5
Added Pin To Net: NetName=NetJ3_5 Pin=R6-2
Added Pin To Net: NetName=NetJ3_5 Pin=R8-3
Added Net: Name=NetJ3_5
Added Pin To Net: NetName=NetJ3_6 Pin=J3-6
Added Pin To Net: NetName=NetJ3_6 Pin=R7-2
Added Pin To Net: NetName=NetJ3_6 Pin=R8-6
Added Net: Name=NetJ3_6
Added Pin To Net: NetName=NetJ4_1 Pin=J4-1
Added Pin To Net: NetName=NetJ4_1 Pin=R10-2
Added Net: Name=NetJ4_1
Added Pin To Net: NetName=NetR11_1 Pin=R11-1
Added Pin To Net: NetName=NetR11_1 Pin=R12-2
Added Pin To Net: NetName=NetR11_1 Pin=U4-4
Added Net: Name=NetR11_1
Added Pin To Net: NetName=NETSTAT_5 Pin=R3-2
Added Pin To Net: NetName=NETSTAT_5 Pin=U2-3
Added Net: Name=NETSTAT_5
Added Pin To Net: NetName=NETSTAT Pin=U1-64
Added Pin To Net: NetName=NETSTAT Pin=U2-2
Added Net: Name=NETSTAT
Added Pin To Net: NetName=POWKEY Pin=S1-2
Added Pin To Net: NetName=POWKEY Pin=U1-48
Added Net: Name=POWKEY
Added Pin To Net: NetName=PWRSTAT_5 Pin=R4-2
Added Pin To Net: NetName=PWRSTAT_5 Pin=U2-6
Added Net: Name=PWRSTAT_5
Added Pin To Net: NetName=PWRSTAT Pin=U1-4
Added Pin To Net: NetName=PWRSTAT Pin=U2-5
Added Net: Name=PWRSTAT
Added Pin To Net: NetName=RF Pin=R9-1
Added Pin To Net: NetName=RF Pin=R10-1
Added Pin To Net: NetName=RF Pin=U1-40
Added Net: Name=RF
Added Pin To Net: NetName=RI_5 Pin=P1-3
Added Pin To Net: NetName=RI_5 Pin=U2-8
Added Net: Name=RI_5
Added Pin To Net: NetName=RING Pin=U1-68
Added Pin To Net: NetName=RING Pin=U2-9
Added Net: Name=RING
Added Pin To Net: NetName=RXD_5 Pin=P1-1
Added Net: Name=RXD_5
Added Pin To Net: NetName=RXD Pin=U1-31
Added Net: Name=RXD
Added Pin To Net: NetName=SIM_VPP Pin=J3-4
Added Pin To Net: NetName=SIM_VPP Pin=R8-5
Added Net: Name=SIM_VPP
Added Pin To Net: NetName=SIMCLK Pin=C4-2
Added Pin To Net: NetName=SIMCLK Pin=R6-1
Added Pin To Net: NetName=SIMCLK Pin=U1-55
Added Net: Name=SIMCLK
Added Pin To Net: NetName=SIMDATA Pin=C5-2
Added Pin To Net: NetName=SIMDATA Pin=R7-1
Added Pin To Net: NetName=SIMDATA Pin=U1-14
Added Net: Name=SIMDATA
Added Pin To Net: NetName=SIMRST Pin=C3-2
Added Pin To Net: NetName=SIMRST Pin=R5-1
Added Pin To Net: NetName=SIMRST Pin=U1-15
Added Net: Name=SIMRST
Added Pin To Net: NetName=SIMVCC Pin=C2-1
Added Pin To Net: NetName=SIMVCC Pin=J3-1
Added Pin To Net: NetName=SIMVCC Pin=U1-16
Added Net: Name=SIMVCC
Added Pin To Net: NetName=SIM VPP Pin=U1-54
Added Net: Name=SIM VPP
Added Pin To Net: NetName=TXD_5 Pin=P1-2
Added Pin To Net: NetName=TXD_5 Pin=U2-11
Added Net: Name=TXD_5
Added Pin To Net: NetName=TXD Pin=U1-32
Added Pin To Net: NetName=TXD Pin=U2-12
Added Net: Name=TXD
Added Pin To Net: NetName=USB_DM Pin=R1-2
Added Pin To Net: NetName=USB_DM Pin=U1-19
Added Net: Name=USB_DM
Added Pin To Net: NetName=USB_DP Pin=R2-2
Added Pin To Net: NetName=USB_DP Pin=U1-59
Added Net: Name=USB_DP
Added Pin To Net: NetName=VBUS Pin=C7-2
Added Pin To Net: NetName=VBUS Pin=J1-1
Added Pin To Net: NetName=VBUS Pin=L1-2
Added Pin To Net: NetName=VBUS Pin=U1-7
Added Pin To Net: NetName=VBUS Pin=U3-4
Added Net: Name=VBUS
Added Pin To Net: NetName=VCC Pin=L3-2
Added Pin To Net: NetName=VCC Pin=U1-1
Added Pin To Net: NetName=VCC Pin=U1-42
Added Pin To Net: NetName=VCC Pin=U2-14
Added Net: Name=VCC
Added Pin To Net: NetName=VIN Pin=F1-1
Added Pin To Net: NetName=VIN Pin=F2-1
Added Pin To Net: NetName=VIN Pin=J2-1
Added Net: Name=VIN
