Added Component: Designator=ANT1(GSM-ANTENNA)
Added Component: Designator=C1(0603)
Added Component: Designator=C2(0603)
Added Component: Designator=C3(0603)
Added Component: Designator=C4(0603)
Added Component: Designator=C5(0603)
Added Component: Designator=C6(0603)
Added Component: Designator=C7(Radial-Cap-Pol)
Added Component: Designator=C8(Radial-Cap-Pol)
Added Component: Designator=C9(0603)
Added Component: Designator=C10(2917-pol)
Added Component: Designator=C11(0603)
Added Component: Designator=C12(0603)
Added Component: Designator=C13(0603)
Added Component: Designator=D1(0603-LED- POL)
Added Component: Designator=D2(0603-LED- POL)
Added Component: Designator=D3(DO-214AA - Power Diode)
Added Component: Designator=D4(D0-214-AC)
Added Component: Designator=D5(D0-214-AC)
Added Component: Designator=D6(SOD128-DIODE)
Added Component: Designator=F1(fuse)
Added Component: Designator=J1(micro_usb)
Added Component: Designator=J2(SCREW TERMINAL 1X2)
Added Component: Designator=J3(micro_sim)
Added Component: Designator=J4(U.FL_SMT_CON)
Added Component: Designator=L1(0805)
Added Component: Designator=P1(HDR1X6)
Added Component: Designator=R1(0603)
Added Component: Designator=R2(0603)
Added Component: Designator=R3(0603)
Added Component: Designator=R4(0603)
Added Component: Designator=R5(0603)
Added Component: Designator=R6(0603)
Added Component: Designator=R7(0603)
Added Component: Designator=R8(0402)
Added Component: Designator=R9(0603)
Added Component: Designator=R10(0603)
Added Component: Designator=R11(0603)
Added Component: Designator=S1(SWITCH_smd_smt_2Lead)
Added Component: Designator=U1(SIM800L-FOOTPRINT)
Added Component: Designator=U2(SOT-723)
Added Component: Designator=U3(TSSOP14)
Added Component: Designator=U4(SOT23-5PIN)
Added Component: Designator=U5(TO-263)
Added Pin To Net: NetName=GND Pin=ANT1-1
Added Pin To Net: NetName=GND Pin=C1-1
Added Pin To Net: NetName=GND Pin=C2-2
Added Pin To Net: NetName=GND Pin=C3-1
Added Pin To Net: NetName=GND Pin=C4-1
Added Pin To Net: NetName=GND Pin=C5-1
Added Pin To Net: NetName=GND Pin=C6-1
Added Pin To Net: NetName=GND Pin=C7-K
Added Pin To Net: NetName=GND Pin=C8-K
Added Pin To Net: NetName=GND Pin=C10-K
Added Pin To Net: NetName=GND Pin=C11-1
Added Pin To Net: NetName=GND Pin=C12-1
Added Pin To Net: NetName=GND Pin=C13-1
Added Pin To Net: NetName=GND Pin=D1-K
Added Pin To Net: NetName=GND Pin=D2-K
Added Pin To Net: NetName=GND Pin=D3-A
Added Pin To Net: NetName=GND Pin=D6-A
Added Pin To Net: NetName=GND Pin=J1-5
Added Pin To Net: NetName=GND Pin=J2-2
Added Pin To Net: NetName=GND Pin=J3-2
Added Pin To Net: NetName=GND Pin=J4-2
Added Pin To Net: NetName=GND Pin=J4-3
Added Pin To Net: NetName=GND Pin=R8-2
Added Pin To Net: NetName=GND Pin=R11-2
Added Pin To Net: NetName=GND Pin=S1-1
Added Pin To Net: NetName=GND Pin=U1-2
Added Pin To Net: NetName=GND Pin=U1-6
Added Pin To Net: NetName=GND Pin=U1-8
Added Pin To Net: NetName=GND Pin=U1-35
Added Pin To Net: NetName=GND Pin=U1-37
Added Pin To Net: NetName=GND Pin=U1-38
Added Pin To Net: NetName=GND Pin=U1-39
Added Pin To Net: NetName=GND Pin=U1-41
Added Pin To Net: NetName=GND Pin=U1-43
Added Pin To Net: NetName=GND Pin=U1-44
Added Pin To Net: NetName=GND Pin=U1-45
Added Pin To Net: NetName=GND Pin=U1-58
Added Pin To Net: NetName=GND Pin=U1-67
Added Pin To Net: NetName=GND Pin=U1-71
Added Pin To Net: NetName=GND Pin=U1-72
Added Pin To Net: NetName=GND Pin=U1-73
Added Pin To Net: NetName=GND Pin=U1-76
Added Pin To Net: NetName=GND Pin=U1-77
Added Pin To Net: NetName=GND Pin=U1-78
Added Pin To Net: NetName=GND Pin=U1-79
Added Pin To Net: NetName=GND Pin=U1-80
Added Pin To Net: NetName=GND Pin=U1-81
Added Pin To Net: NetName=GND Pin=U1-82
Added Pin To Net: NetName=GND Pin=U1-83
Added Pin To Net: NetName=GND Pin=U1-84
Added Pin To Net: NetName=GND Pin=U1-85
Added Pin To Net: NetName=GND Pin=U1-86
Added Pin To Net: NetName=GND Pin=U1-87
Added Pin To Net: NetName=GND Pin=U1-88
Added Pin To Net: NetName=GND Pin=U2-3
Added Pin To Net: NetName=GND Pin=U3-4
Added Pin To Net: NetName=GND Pin=U3-7
Added Pin To Net: NetName=GND Pin=U3-8
Added Pin To Net: NetName=GND Pin=U3-11
Added Pin To Net: NetName=GND Pin=U4-2
Added Pin To Net: NetName=GND Pin=U5-3
Added Pin To Net: NetName=GND Pin=U5-5
Added Net: Name=GND
Added Pin To Net: NetName=NetC1_2 Pin=C1-2
Added Pin To Net: NetName=NetC1_2 Pin=U1-56
Added Net: Name=NetC1_2
Added Pin To Net: NetName=NetC9_2 Pin=C9-2
Added Pin To Net: NetName=NetC9_2 Pin=R10-1
Added Pin To Net: NetName=NetC9_2 Pin=U5-4
Added Net: Name=NetC9_2
Added Pin To Net: NetName=NetD1_A Pin=D1-A
Added Pin To Net: NetName=NetD1_A Pin=R3-1
Added Net: Name=NetD1_A
Added Pin To Net: NetName=NetD2_A Pin=D2-A
Added Pin To Net: NetName=NetD2_A Pin=R4-1
Added Net: Name=NetD2_A
Added Pin To Net: NetName=NetD3_K Pin=D3-K
Added Pin To Net: NetName=NetD3_K Pin=L1-1
Added Pin To Net: NetName=NetD3_K Pin=U5-2
Added Net: Name=NetD3_K
Added Pin To Net: NetName=NetF1_1 Pin=F1-1
Added Pin To Net: NetName=NetF1_1 Pin=J2-1
Added Net: Name=NetF1_1
Added Pin To Net: NetName=NetJ1_2 Pin=J1-2
Added Pin To Net: NetName=NetJ1_2 Pin=R1-1
Added Pin To Net: NetName=NetJ1_2 Pin=U2-2
Added Net: Name=NetJ1_2
Added Pin To Net: NetName=NetJ1_3 Pin=J1-3
Added Pin To Net: NetName=NetJ1_3 Pin=R2-1
Added Pin To Net: NetName=NetJ1_3 Pin=U2-1
Added Net: Name=NetJ1_3
Added Pin To Net: NetName=NetJ3_3 Pin=J3-3
Added Pin To Net: NetName=NetJ3_3 Pin=R5-2
Added Pin To Net: NetName=NetJ3_3 Pin=U4-3
Added Net: Name=NetJ3_3
Added Pin To Net: NetName=NetJ3_5 Pin=J3-5
Added Pin To Net: NetName=NetJ3_5 Pin=R6-2
Added Pin To Net: NetName=NetJ3_5 Pin=U4-1
Added Net: Name=NetJ3_5
Added Pin To Net: NetName=NetJ3_6 Pin=J3-6
Added Pin To Net: NetName=NetJ3_6 Pin=R7-2
Added Pin To Net: NetName=NetJ3_6 Pin=U4-5
Added Net: Name=NetJ3_6
Added Pin To Net: NetName=NetJ4_1 Pin=J4-1
Added Pin To Net: NetName=NetJ4_1 Pin=R9-2
Added Net: Name=NetJ4_1
Added Pin To Net: NetName=NETSTAT_5 Pin=R3-2
Added Pin To Net: NetName=NETSTAT_5 Pin=U1-64
Added Net: Name=NETSTAT_5
Added Pin To Net: NetName=PWRKEY Pin=S1-2
Added Pin To Net: NetName=PWRKEY Pin=U1-48
Added Net: Name=PWRKEY
Added Pin To Net: NetName=PWRSTAT_5 Pin=R4-2
Added Pin To Net: NetName=PWRSTAT_5 Pin=U1-4
Added Net: Name=PWRSTAT_5
Added Pin To Net: NetName=RF Pin=R8-1
Added Pin To Net: NetName=RF Pin=R9-1
Added Pin To Net: NetName=RF Pin=U1-40
Added Net: Name=RF
Added Pin To Net: NetName=RI_3V3 Pin=P1-6
Added Pin To Net: NetName=RI_3V3 Pin=U3-2
Added Net: Name=RI_3V3
Added Pin To Net: NetName=RI_5 Pin=P1-3
Added Pin To Net: NetName=RI_5 Pin=U3-13
Added Net: Name=RI_5
Added Pin To Net: NetName=RING_5 Pin=U1-68
Added Net: Name=RING_5
Added Pin To Net: NetName=RXD_3V3 Pin=P1-4
Added Pin To Net: NetName=RXD_3V3 Pin=U3-5
Added Net: Name=RXD_3V3
Added Pin To Net: NetName=RXD_5 Pin=P1-1
Added Pin To Net: NetName=RXD_5 Pin=U1-31
Added Pin To Net: NetName=RXD_5 Pin=U3-10
Added Net: Name=RXD_5
Added Pin To Net: NetName=SIM_VPP Pin=J3-4
Added Pin To Net: NetName=SIM_VPP Pin=U1-54
Added Pin To Net: NetName=SIM_VPP Pin=U4-4
Added Net: Name=SIM_VPP
Added Pin To Net: NetName=SIMCLK Pin=C4-2
Added Pin To Net: NetName=SIMCLK Pin=R6-1
Added Pin To Net: NetName=SIMCLK Pin=U1-55
Added Net: Name=SIMCLK
Added Pin To Net: NetName=SIMDATA Pin=C5-2
Added Pin To Net: NetName=SIMDATA Pin=R7-1
Added Pin To Net: NetName=SIMDATA Pin=U1-14
Added Net: Name=SIMDATA
Added Pin To Net: NetName=SIMRST Pin=C3-2
Added Pin To Net: NetName=SIMRST Pin=R5-1
Added Pin To Net: NetName=SIMRST Pin=U1-15
Added Net: Name=SIMRST
Added Pin To Net: NetName=SIMVCC Pin=C2-1
Added Pin To Net: NetName=SIMVCC Pin=J3-1
Added Pin To Net: NetName=SIMVCC Pin=U1-16
Added Net: Name=SIMVCC
Added Pin To Net: NetName=TXD_3V3 Pin=P1-5
Added Pin To Net: NetName=TXD_3V3 Pin=U3-3
Added Net: Name=TXD_3V3
Added Pin To Net: NetName=TXD_5 Pin=P1-2
Added Pin To Net: NetName=TXD_5 Pin=U1-32
Added Pin To Net: NetName=TXD_5 Pin=U3-12
Added Net: Name=TXD_5
Added Pin To Net: NetName=USB_N Pin=R1-2
Added Pin To Net: NetName=USB_N Pin=U1-19
Added Net: Name=USB_N
Added Pin To Net: NetName=USB_P Pin=R2-2
Added Pin To Net: NetName=USB_P Pin=U1-59
Added Net: Name=USB_P
Added Pin To Net: NetName=VBUS Pin=J1-1
Added Pin To Net: NetName=VBUS Pin=U1-7
Added Net: Name=VBUS
Added Pin To Net: NetName=VCC_3V3 Pin=D4-2
Added Pin To Net: NetName=VCC_3V3 Pin=D5-2
Added Pin To Net: NetName=VCC_3V3 Pin=U3-14
Added Net: Name=VCC_3V3
Added Pin To Net: NetName=VCC Pin=C7-A
Added Pin To Net: NetName=VCC Pin=C8-A
Added Pin To Net: NetName=VCC Pin=C9-1
Added Pin To Net: NetName=VCC Pin=C10-A
Added Pin To Net: NetName=VCC Pin=C11-2
Added Pin To Net: NetName=VCC Pin=C12-2
Added Pin To Net: NetName=VCC Pin=C13-2
Added Pin To Net: NetName=VCC Pin=D4-1
Added Pin To Net: NetName=VCC Pin=D5-1
Added Pin To Net: NetName=VCC Pin=D6-K
Added Pin To Net: NetName=VCC Pin=L1-2
Added Pin To Net: NetName=VCC Pin=R10-2
Added Pin To Net: NetName=VCC Pin=R11-1
Added Pin To Net: NetName=VCC Pin=U1-1
Added Pin To Net: NetName=VCC Pin=U1-42
Added Net: Name=VCC
Added Pin To Net: NetName=VIN Pin=C6-2
Added Pin To Net: NetName=VIN Pin=F1-2
Added Pin To Net: NetName=VIN Pin=U5-1
Added Net: Name=VIN
Added Class: Name=Power
Added Class: Name=RF
Added Differential Pair: Name=USB
